20250409	07:17:55	da303006-adc4-4101-a0bc-75d8b8366141	GET	/users/users	undefined
20250409	07:22:12	6dcfc6bf-8053-470f-b67e-0114ab3f55d6	GET	/users/users	undefined
20250409	07:26:01	2969efa8-d0bd-497c-8fd1-85414b0ac71d	POST	/users/login	undefined
20250409	07:26:55	c7f06237-a452-4dd8-aea1-968e83c3ff25	POST	/users/login	undefined
20250409	07:27:29	cbe77321-7add-4cd8-a619-d93e0692b57c	POST	/users/login	undefined
20250409	07:28:45	f4f1b151-b5be-4bed-b38c-7ff19c474adf	POST	/users/login	undefined
20250409	07:30:43	8738ea04-dbd7-4a77-960c-6a7dbe813f42	POST	/users/login	undefined
20250409	07:32:02	524d3d93-40f1-42c0-8e61-875c8241a897	POST	/api/newUser	undefined
20250414	05:27:17	1b0b0bd9-ceae-4dda-a4d3-8456f182acf8	POST	/auth/register	undefined
20250414	05:27:46	d7987a64-6044-4d63-a4cd-48b17188c6ef	POST	/auth/login	undefined
20250414	05:30:58	77a4bec5-0c5d-4331-a3b8-60fb7e9a9b5b	POST	/users/users	undefined
20250414	05:31:04	d6d9338c-0e9c-4009-8176-26a386184506	GET	/users/users	undefined
20250414	05:31:31	8cca76a5-849f-46b9-bf16-18d1b56c82f7	GET	/users/67fcd4f63b08a584ffc91fa4	undefined
20250414	05:31:48	45af5751-58d7-4f25-bc29-f371f9e2e3f7	GET	/users/user/67fcd4f63b08a584ffc91fa4	undefined
20250414	05:33:46	9b28488e-6740-4d8a-97ad-cb5335f2e4c6	POST	/users/user/67fcd4f63b08a584ffc91fa4/comment	undefined
20250414	05:34:28	5ed04c59-12af-4d80-98fe-9bb4f22db707	GET	/users/user/67fcd4f63b08a584ffc91fa4/comments	undefined
20250414	06:31:47	36a6d508-eeda-4bef-90fb-c8a75a18de8c	POST	/auth/login	undefined
20250414	06:32:59	20b59612-35e4-4af4-b485-cdfb7c41cb16	POST	/auth/register	undefined
20250414	06:33:18	a13068f9-e23d-4522-bb2a-3fa82064a250	POST	/auth/register	undefined
20250414	07:28:14	a4902785-571c-4945-af20-541053d9f863	POST	/auth/login	undefined
20250414	07:36:11	e4231422-b1bb-42f4-997a-8346e9996576	POST	/order	undefined
20250414	07:37:45	b3bbe15b-46d8-4d79-9ca7-1b1af607d0ac	POST	/auth/login	undefined
20250414	07:43:04	65a19f82-bc22-450e-98f1-0e650ef64ca4	GET	/order/my	undefined
20250414	07:44:47	8df676e8-5b8e-42c8-bec9-240094f60be2	GET	/order/my	undefined
20250414	07:45:05	316e3491-2ec2-4ac5-9dc5-3c3c258036fe	POST	/auth/login	undefined
20250414	07:49:03	803d93c7-d00a-462f-ba76-5b89f9e1600e	GET	/order/my	undefined
20250414	07:49:39	ec936e3b-14d3-481a-9637-94993b713dc6	POST	/order	undefined
20250414	07:51:25	01e2969e-7b35-492a-8ac6-de65b029c634	GET	/order/my	undefined
20250414	09:42:49	5089819e-1a19-4cb5-8c82-2d1161a40081	POST	/auth/login	undefined
20250414	09:43:11	76112d91-ae56-4777-b393-3187c92fd0d9	GET	/order/	undefined
20250414	09:43:39	a1522aa9-62f9-4140-b734-216271910988	GET	/order	undefined
20250414	09:44:42	c502ddde-c9ab-4033-bb4f-2ab8adc7a943	GET	/order	undefined
20250414	09:48:43	55807e4d-1b7f-48cc-881e-1e37553267f0	PUT	/order/67fcf65328aadf78cae3640b/status	undefined
20250414	10:08:58	d319f077-6160-4fe1-a849-f4f837aac168	POST	/review	undefined
20250414	10:09:08	0f887d7a-e214-4895-903e-de79e95b776f	POST	/auth/login	undefined
20250414	10:09:33	8e1c8fd8-9ad6-4708-afbb-2b9d20a24398	POST	/review	undefined
20250414	10:11:04	22332b4e-4bb1-472e-9270-ac18731857b9	GET	/review/my	undefined
20250414	10:12:30	f2c820ad-dae5-44fb-a1fa-04a9bb4ba01e	GET	/review	undefined
20250414	13:15:26	faa87854-2f47-4876-aa32-f70b2e56c030	OPTIONS	/auth/social	http://localhost:3000
20250414	13:15:26	ee24cc09-8963-463a-b23b-fd42b5138331	POST	/auth/social	http://localhost:3000
20250414	13:25:58	53aefcf8-45d4-4fdd-9ae5-1df338890d65	POST	/users/get-user	http://localhost:3000
20250414	13:25:59	fdac2685-6222-44ac-9052-f9ed60155ec5	POST	/users/get-user	http://localhost:3000
20250414	13:28:01	25385d9b-963d-4aa3-bbf6-e25a8987db82	GET	/users/get-user	http://localhost:3000
20250414	13:28:02	f8a7dc68-288b-400a-8851-9e324e547480	GET	/users/get-user	http://localhost:3000
20250414	13:36:16	c8730f80-4ba9-473c-9123-541edb1b995d	GET	/users/get-user	http://localhost:3000
20250414	13:36:17	ddeb6651-71bc-4f75-bc35-6394c949b2c1	GET	/users/get-user	http://localhost:3000
20250414	13:37:39	cc1f7a99-8f34-4d64-8cd7-649cf8535c0b	GET	/users/get-user	http://localhost:3000
20250414	13:37:39	bf22b906-e5d1-47b1-8d37-6f233f022b54	GET	/users/get-user	http://localhost:3000
20250415	03:19:51	67978bef-d51c-4c1b-a742-a6a21a79bd47	OPTIONS	/auth/login	http://localhost:3000
20250415	03:19:51	43f28c5d-5634-4a34-af31-1e2a715d8fd1	POST	/auth/login	http://localhost:3000
20250415	03:24:20	7d4fd842-b067-4e66-889e-62bce36d1732	OPTIONS	/users/profile	http://localhost:3000
20250415	03:24:20	3c311553-9b84-4e0c-8b90-b6a8d49cfb85	OPTIONS	/users/profile	http://localhost:3000
20250415	03:24:21	59b0d9d6-10b9-4f5b-a59c-884398eaf4e1	GET	/users/profile	http://localhost:3000
20250415	03:24:24	64113230-b364-4923-8e52-47e70e5a37c3	GET	/users/profile	http://localhost:3000
20250415	03:27:35	0565e280-9718-4a1a-afa2-5b370145af41	OPTIONS	/users/profile	http://localhost:3000
20250415	03:27:36	c92bd0ef-f135-444f-8aef-5a14b1d4f1a8	GET	/users/profile	http://localhost:3000
20250415	03:27:36	5e210800-453b-4609-8837-e02575e8ea62	OPTIONS	/users/profile	http://localhost:3000
20250415	03:27:36	0c8bfa70-20f8-4c87-a7ae-995a8d120179	GET	/users/profile	http://localhost:3000
20250415	03:38:55	4e4782f0-2965-46d1-ab64-8fc2b5ef3e4c	OPTIONS	/users/profile	http://localhost:3000
20250415	03:38:56	b1cafe15-519e-445f-8b66-2b5031ab4f35	OPTIONS	/users/profile	http://localhost:3000
20250415	03:38:56	4915353a-3dd9-46db-b242-ffc88ce18747	GET	/users/profile	http://localhost:3000
20250415	03:38:56	ad8fc190-d5f3-48da-a247-7cff0ac368c7	GET	/users/profile	http://localhost:3000
20250415	03:40:09	76a2e509-3d70-48c3-8580-4fe14060df3e	OPTIONS	/auth/login	http://localhost:3000
20250415	03:40:10	500313bd-0a75-4ea3-a47a-c291776a4856	POST	/auth/login	http://localhost:3000
20250415	03:40:50	21113d47-b6b9-4997-b2fa-ab9557f0cc35	OPTIONS	/users/profile	http://localhost:3000
20250415	03:40:50	7ae87073-401a-4d5c-b411-a69d967b5b7f	OPTIONS	/users/profile	http://localhost:3000
20250415	03:40:50	99e9f1e0-c059-4c8c-b235-a82740dcc9a4	GET	/users/profile	http://localhost:3000
20250415	03:40:52	884c258d-5787-41d9-aecf-9d2bc5f81843	GET	/users/profile	http://localhost:3000
20250415	04:04:50	6673d2a7-2aa4-4485-b619-82db9cea927e	OPTIONS	/users/profile	http://localhost:3000
20250415	04:04:50	d8ff07b5-4114-494b-af6a-247dba020628	OPTIONS	/users/profile	http://localhost:3000
20250415	04:04:51	7d8d9dfb-6c03-4ea9-bf8c-ecd6f2610ea0	GET	/users/profile	http://localhost:3000
20250415	04:04:53	1e8bbe6c-3221-4757-bfeb-3b64e80c2a88	GET	/users/profile	http://localhost:3000
20250415	04:07:42	9646bce5-b4e9-4920-ac04-12f8cfbc0a92	OPTIONS	/users/profile	http://localhost:3000
20250415	04:07:42	17c5abc3-052d-4161-8da1-043a97c45883	OPTIONS	/users/profile	http://localhost:3000
20250415	04:07:43	2aba8fc4-e87b-4338-968c-1cd25459ee52	GET	/users/profile	http://localhost:3000
20250415	04:07:44	3844489b-896d-4710-9143-546f943869bc	GET	/users/profile	http://localhost:3000
20250415	04:13:40	4ad76f43-ef83-4c26-92be-81cddf57c91f	OPTIONS	/users/profile	http://localhost:3000
20250415	04:13:40	d7f95979-f193-40fc-8771-37e1a535243f	GET	/users/profile	http://localhost:3000
20250415	04:13:40	48a4b148-b0af-41be-aca0-4e13ec8360e9	GET	/users/profile	http://localhost:3000
20250415	04:15:52	ba3f6387-c54d-4293-b3dc-b07ec50b00aa	OPTIONS	/users/profile	http://localhost:3000
20250415	04:15:52	08aeea22-95c1-447a-8eeb-6ec13b86b63b	OPTIONS	/users/profile	http://localhost:3000
20250415	04:15:53	bbbc481d-c2cb-4d9d-a164-022429938909	GET	/users/profile	http://localhost:3000
20250415	04:15:54	b31c81a5-a93d-464b-856e-4b473780e8d1	GET	/users/profile	http://localhost:3000
20250415	04:16:52	9f04cafb-df80-4c5c-854b-6fb3b3466179	OPTIONS	/auth/social	http://localhost:3000
20250415	04:16:52	dc66629a-0f36-452d-9e16-2bd6a41ac041	POST	/auth/social	http://localhost:3000
20250415	04:17:54	2d5ec502-a168-4a50-9d3c-0947c086c290	OPTIONS	/users/profile	http://localhost:3000
20250415	04:17:54	4fd3946f-9d5f-4b0c-81eb-de3e9847dcd5	GET	/users/profile	http://localhost:3000
20250415	04:17:55	35223755-07c4-4a48-8812-831156c44659	GET	/users/profile	http://localhost:3000
20250415	04:21:02	dd826c78-35f4-446b-a02e-69971342e426	OPTIONS	/auth/login	http://localhost:3000
20250415	04:21:02	383b9cd9-e3a0-488e-a710-8fc64fb4358a	POST	/auth/login	http://localhost:3000
20250415	04:46:23	55a1749c-3fe6-46f5-a9b3-330e4b6e0799	OPTIONS	/users/profile	http://localhost:3000
20250415	04:46:23	ed3a7bc9-1a7b-4f79-8b36-73d4709b8817	GET	/users/profile	http://localhost:3000
20250415	04:46:25	8193278b-eed9-4681-b4b6-b011d9ff42d9	OPTIONS	/users/profile	http://localhost:3000
20250415	04:46:25	59096cb3-2009-4a81-b7a2-15736d7f328d	GET	/users/profile	http://localhost:3000
20250415	04:50:00	e59217f0-221d-41ed-9e1b-2fb1c006571b	OPTIONS	/users/profile	http://localhost:3000
20250415	04:50:00	ad94bc2e-3522-466e-9efb-14a1757797c2	GET	/users/profile	http://localhost:3000
20250415	04:50:03	0354c267-bdd5-419c-a5ad-b152aa975f9c	OPTIONS	/users/profile	http://localhost:3000
20250415	04:50:03	1628484e-e2af-4d96-82e3-d7121801cd14	GET	/users/profile	http://localhost:3000
20250415	04:51:32	a0c7429a-0af0-4261-8c58-73ff475aba5c	OPTIONS	/users/profile	http://localhost:3000
20250415	04:51:32	53bf06c6-47a6-4302-96ea-1f80c1e9d63d	GET	/users/profile	http://localhost:3000
20250415	04:51:32	196bf444-151a-45d2-87f3-a3cc6762c85b	GET	/users/profile	http://localhost:3000
20250415	04:51:32	aa1ed0e3-2ca6-4454-b821-0b6f156689f6	GET	/users/profile	http://localhost:3000
20250415	04:51:32	409ad5c2-5308-4bb2-a8d3-5dbef1dec45f	GET	/users/profile	http://localhost:3000
20250415	04:58:21	5df4a789-4202-49a4-b4ad-63259aaf96dd	OPTIONS	/users/profile	http://localhost:3000
20250415	04:58:21	da886657-bf52-4910-a6db-b995c67e71f0	GET	/users/profile	http://localhost:3000
20250415	04:58:22	036365da-599c-4b25-a3e9-5abb42d21715	OPTIONS	/users/profile	http://localhost:3000
20250415	04:58:22	f882e4a5-326a-4633-a268-53b925313ec6	GET	/users/profile	http://localhost:3000
20250415	05:02:23	473fddda-78cd-446d-a190-862a30a65064	OPTIONS	/users/profile	http://localhost:3000
20250415	05:02:23	9aa0af8d-b479-4d87-8f09-2d0964fdbdc8	GET	/users/profile	http://localhost:3000
20250415	05:02:23	203d391d-4e3d-4cee-a414-f01f8ebf8ea0	OPTIONS	/auth/refresh	http://localhost:3000
20250415	05:02:24	7621a9b3-c789-4847-bf1d-8e4b03504c59	GET	/auth/refresh	http://localhost:3000
20250415	05:02:24	35d5fe5f-0018-447b-b769-fff747131563	GET	/users/profile	http://localhost:3000
20250415	05:02:24	d26d3de9-7d89-46a9-87c6-70adc0170dc4	GET	/auth/refresh	http://localhost:3000
20250415	05:05:22	be0b299e-b6b4-4494-9bdb-ae919cf54879	OPTIONS	/auth/login	http://localhost:3000
20250415	05:05:22	0d016b0f-381d-4fff-996f-8b0c1b2fbafb	POST	/auth/login	http://localhost:3000
20250415	05:08:44	44f55d08-e671-46d2-af59-effd321382f1	OPTIONS	/users/profile	http://localhost:3000
20250415	05:08:45	a816530e-7e70-42dc-a12b-0e870a1ad897	OPTIONS	/users/profile	http://localhost:3000
20250415	05:08:46	535edad1-2010-4a7a-bb54-0eed4242b08b	GET	/users/profile	http://localhost:3000
20250415	05:08:46	244a9e76-5f3c-42c3-ae53-c2ee070a7184	GET	/users/profile	http://localhost:3000
20250415	05:46:18	75e1d41a-0cbc-4c0a-95b6-9469be2cd6a1	OPTIONS	/users/profile	http://localhost:3000
20250415	05:46:18	9061e937-1782-46bf-a970-5129fd134f03	GET	/users/profile	http://localhost:3000
20250415	05:46:48	b7ebc19d-6697-4545-b900-a0127feb7bbe	OPTIONS	/auth/refresh	http://localhost:3000
20250415	05:46:48	436d2539-4f24-46ed-9f03-37d1d77d0882	GET	/auth/refresh	http://localhost:3000
20250415	05:46:49	bb429f19-7907-4873-ba9d-47ef78da03e4	GET	/auth/refresh	http://localhost:3000
20250415	05:52:20	b65b4725-d813-49bc-8468-1acfd9518586	OPTIONS	/auth/refresh	http://localhost:3000
20250415	05:52:20	a0e9328d-87e3-4042-bef4-09a03576fd66	OPTIONS	/auth/refresh	http://localhost:3000
20250415	05:52:20	12bff701-287c-43cd-88d1-6d6b750d1abd	GET	/auth/refresh	http://localhost:3000
20250415	05:52:21	b00d06a4-3b02-4721-b755-f820e8a19f6c	GET	/auth/refresh	http://localhost:3000
20250415	05:58:14	ae3e9965-dbbd-44f1-b637-d9f4e5b8945d	OPTIONS	/users/profile	http://localhost:3000
20250415	05:58:14	54bad835-eec8-4ae6-90cd-db58f6424135	OPTIONS	/orders	http://localhost:3000
20250415	05:58:14	aaea2e37-ed87-4c7d-96f7-88c799103371	OPTIONS	/users/profile	http://localhost:3000
20250415	05:58:14	345a4922-26c4-4ff3-8443-597671961f72	OPTIONS	/orders	http://localhost:3000
20250415	05:58:14	caeffec2-1d67-4828-8562-99ae61ac12a1	POST	/orders	http://localhost:3000
20250415	05:58:14	ccc4caa7-6519-4d31-a8c3-29cc90cf9b35	GET	/users/profile	http://localhost:3000
20250415	05:58:15	c8617619-0782-4be8-9477-5ec8e49927de	POST	/orders	http://localhost:3000
20250415	05:58:17	81d8f669-30ba-4ba4-a0fb-6a83a409b9e0	GET	/users/profile	http://localhost:3000
20250415	06:00:53	9ca424fc-bc73-4744-bfaa-322b17b6302d	OPTIONS	/users/profile	http://localhost:3000
20250415	06:00:53	d2986820-7dde-4be8-873b-080b49389029	GET	/users/profile	http://localhost:3000
20250415	06:00:53	5dd06db0-aafc-4083-9a90-4629e6a3e388	OPTIONS	/order	http://localhost:3000
20250415	06:00:53	796edfce-d87e-4b48-a351-af3b095668a2	GET	/users/profile	http://localhost:3000
20250415	06:00:53	60840b05-84b0-4cc0-b4bd-d4c52eb79c9a	OPTIONS	/order	http://localhost:3000
20250415	06:00:54	fc1d9d99-d8f5-48b9-a815-714db04fe08a	POST	/order	http://localhost:3000
20250415	06:00:54	0bd7b373-dc0f-4f94-8bbf-b0a87c9b0e2c	POST	/order	http://localhost:3000
20250415	06:02:48	48508f7c-8949-4d43-a733-ad70b8e313f9	OPTIONS	/auth/refresh	http://localhost:3000
20250415	06:02:48	9679608a-ec21-445d-90ca-f95ccb0b26b5	OPTIONS	/auth/refresh	http://localhost:3000
20250415	06:02:49	b7499142-d6f4-46f6-a310-2ddbcccae440	GET	/auth/refresh	http://localhost:3000
20250415	06:02:49	2f5d6ebc-8364-4101-9bec-8efcc5f136db	GET	/auth/refresh	http://localhost:3000
20250415	06:04:22	9b754335-cec7-4a1f-b985-bcd480383c84	OPTIONS	/auth/login	http://localhost:3000
20250415	06:04:22	a15b2206-902b-4dbc-a002-11d616dfbab7	POST	/auth/login	http://localhost:3000
20250415	06:06:22	9135558f-c4b6-4098-81c8-aabfe23e15ca	OPTIONS	/users/profile	http://localhost:3000
20250415	06:06:22	a39b6966-eb3c-4496-9b9e-8272206280d3	OPTIONS	/order	http://localhost:3000
20250415	06:06:22	22bbda27-0e64-4875-a02f-c164fbc60508	OPTIONS	/users/profile	http://localhost:3000
20250415	06:06:23	37e1d0e4-8496-4b1c-a6b4-be0207903e4d	OPTIONS	/order	http://localhost:3000
20250415	06:06:23	251db43f-1755-4370-afd5-e0a382f9c5db	POST	/order	http://localhost:3000
20250415	06:06:23	a3f6fd4d-8c5e-4e53-b80c-5e6eca0a201b	POST	/order	http://localhost:3000
20250415	06:06:23	43817822-833a-4882-8558-946b4cf00700	GET	/users/profile	http://localhost:3000
20250415	06:06:24	642cd3e9-f8d2-4c00-98bc-abb07a82306a	GET	/users/profile	http://localhost:3000
20250415	06:13:56	9effc65a-16da-4c77-8031-c123cac55224	OPTIONS	/users/profile	http://localhost:3000
20250415	06:13:57	e6a13493-dd37-4f39-9a3a-de25cec27b8c	OPTIONS	/order	http://localhost:3000
20250415	06:13:57	affa30b8-398b-48ba-ae13-4da94da29e9f	OPTIONS	/users/profile	http://localhost:3000
20250415	06:13:57	a7b560e9-9fe0-4536-a62b-c95dcf944735	OPTIONS	/order	http://localhost:3000
20250415	06:13:57	702b6894-15e1-404d-965d-3958ea650715	POST	/order	http://localhost:3000
20250415	06:13:57	0d1d76ba-c59b-4eb2-b896-5f0092aa0320	GET	/users/profile	http://localhost:3000
20250415	06:13:57	01744230-ecbe-499f-9e7f-3bb8fd65362c	POST	/order	http://localhost:3000
20250415	06:13:59	48694d15-5fcf-46c3-8c24-6a85ce160495	GET	/users/profile	http://localhost:3000
20250415	06:17:02	37fbbfd9-c762-4c6e-bef2-3073160bf583	OPTIONS	/order	http://localhost:3000
20250415	06:17:02	160a7705-0183-4212-b714-834828337182	OPTIONS	/users/profile	http://localhost:3000
20250415	06:17:02	4302d332-ca74-4127-bea7-e9c77e47c48a	POST	/order	http://localhost:3000
20250415	06:17:02	5b007e87-8b78-4dc1-8e1c-957f42cd41ec	GET	/users/profile	http://localhost:3000
20250415	06:19:33	47eed30a-a794-41f9-b0f8-c03c248e513e	OPTIONS	/order	http://localhost:3000
20250415	06:19:33	adfbded7-9e7d-46ad-b585-31c093ec5e4a	POST	/order	http://localhost:3000
20250415	06:22:10	2b670306-0aa8-40fa-8087-5444614bcfb6	OPTIONS	/order	http://localhost:3000
20250415	06:22:10	04c4ea20-6804-4761-a6e7-0248216f96ff	POST	/order	http://localhost:3000
20250415	06:22:42	88b97f6e-0ccb-48b9-a280-4301f45c0f0e	OPTIONS	/auth/refresh	http://localhost:3000
20250415	06:22:42	f7b4350d-8f5b-4aff-9d5f-b86fbf36c695	OPTIONS	/auth/refresh	http://localhost:3000
20250415	06:22:42	8dbd9d81-7bc7-4a91-9467-45666b423843	GET	/auth/refresh	http://localhost:3000
20250415	06:22:42	f8e5d5bb-db00-4456-a9ed-58e5740745a8	GET	/auth/refresh	http://localhost:3000
20250415	06:29:33	63980f33-6b10-4283-8429-fe64dbea03cc	OPTIONS	/users/profile	http://localhost:3000
20250415	06:29:33	b93a0f30-ebf9-4871-8a34-55107ad99a16	GET	/users/profile	http://localhost:3000
20250415	06:29:44	2c695fdf-bb04-4fdc-9dbf-89bfc404b046	OPTIONS	/users/profile	http://localhost:3000
20250415	06:29:44	8e02165a-edba-4bb4-804e-6233681652f5	GET	/users/profile	http://localhost:3000
20250415	06:37:53	9c6de8c9-f565-4a08-9d67-c7f7fa991f0b	OPTIONS	/users/profile	http://localhost:3000
20250415	06:37:54	cdf7094b-5d95-493f-ac81-89cbf01eb52d	OPTIONS	/order	http://localhost:3000
20250415	06:37:54	4c5bde02-f22a-407a-8698-e8555bc40966	OPTIONS	/order	http://localhost:3000
20250415	06:37:54	3b42b526-4c17-429e-b0b3-908b7fea86e7	GET	/users/profile	http://localhost:3000
20250415	06:37:54	33ae471b-bad5-4cfc-b4f2-c54038801c51	OPTIONS	/users/profile	http://localhost:3000
20250415	06:37:54	74634f84-8a2b-4215-a36f-0ca3cf714fae	POST	/order	http://localhost:3000
20250415	06:37:54	4642650b-0c2d-40c5-b094-7a9860729566	POST	/order	http://localhost:3000
20250415	06:37:54	37e95ad3-192b-4be7-80ee-fd36974b4f11	GET	/users/profile	http://localhost:3000
20250415	06:41:03	e1197ea8-12ff-46b6-a7e4-330d9841ace5	OPTIONS	/auth/login	http://localhost:3000
20250415	06:41:03	fc9d5b68-162f-4d2f-8511-bc348d79ab1d	POST	/auth/login	http://localhost:3000
20250415	06:41:32	5ba79f35-5917-4cd4-a614-93812480daf2	OPTIONS	/users/profile	http://localhost:3000
20250415	06:41:32	921188fc-a3f6-4c4e-8438-0493ccd2cc8a	OPTIONS	/order	http://localhost:3000
20250415	06:41:32	b961686f-23b7-43fc-91da-a385988f54ca	POST	/order	http://localhost:3000
20250415	06:41:33	f829d624-79c9-49da-a62d-c4bf1bf04dec	POST	/order	http://localhost:3000
20250415	06:41:33	07ab925d-c425-4f71-b7e7-0d5572029a91	GET	/users/profile	http://localhost:3000
20250415	06:41:34	2560205f-8557-47db-8ed8-e8d98755d319	GET	/users/profile	http://localhost:3000
20250415	07:08:11	b994558c-7714-4358-bb35-482ea60e20ee	OPTIONS	/users/profile	http://localhost:3000
20250415	07:08:11	6fefaf1e-5481-43f9-9c6f-ad3465ebae44	OPTIONS	/users/profile	http://localhost:3000
20250415	07:08:11	77557ba0-b91f-4230-ae53-c527b07c8313	OPTIONS	/order	http://localhost:3000
20250415	07:08:11	681fcb47-628a-4d2a-b1ce-759c7dee57a7	OPTIONS	/order	http://localhost:3000
20250415	07:08:12	c44417a7-e30a-4465-9f0b-716746adf522	GET	/users/profile	http://localhost:3000
20250415	07:08:12	7e785427-1f3f-4354-93bd-98734a332680	POST	/order	http://localhost:3000
20250415	07:08:12	ac271fde-3078-4078-b5a1-1fe0e373f841	POST	/order	http://localhost:3000
20250415	07:08:12	5dc220ef-b404-4d8f-85f5-737dbc452d1f	GET	/users/profile	http://localhost:3000
20250415	07:18:12	ce1c5a00-a059-4a79-8a11-4d3909529272	OPTIONS	/auth/login	http://localhost:3000
20250415	07:18:14	9a548445-761d-410f-9afe-b2a794214191	POST	/auth/login	http://localhost:3000
20250415	07:18:52	cbf5e639-3477-4709-8ab9-f81452c3a9e0	OPTIONS	/users/profile	http://localhost:3000
20250415	07:18:52	7ad6cec3-fe05-425e-b03a-55ea936b1324	OPTIONS	/users/profile	http://localhost:3000
20250415	07:18:52	9d1b32f4-05a8-4452-8f9b-278f7dbec584	GET	/users/profile	http://localhost:3000
20250415	07:18:53	be002744-6d5e-4c1a-aa68-50df487bc5fb	GET	/users/profile	http://localhost:3000
20250415	07:20:40	9abbe138-caf0-4142-a890-470e8df53e9b	OPTIONS	/users/profile	http://localhost:3000
20250415	07:20:40	3f5dd3a9-76ad-4acb-89ae-d1a575c00cf2	GET	/users/profile	http://localhost:3000
20250415	07:20:40	a7894bee-5a27-4044-8776-532606d6ea3f	GET	/users/profile	http://localhost:3000
20250415	07:21:04	71a3184b-6fa2-42ef-9005-a027840c66e9	OPTIONS	/order	http://localhost:3000
20250415	07:21:05	410c481f-402e-431a-ac50-54199e80e6b7	POST	/order	http://localhost:3000
20250415	07:26:06	7966aaf1-80b4-41d2-b4e5-d0d078066ab6	OPTIONS	/users/profile	http://localhost:3000
20250415	07:26:06	6d0817a9-0f9d-487c-a28b-1f96388ce10c	OPTIONS	/users/profile	http://localhost:3000
20250415	07:26:06	9064f5e9-6354-4e88-b6dd-54fe62b92adb	GET	/users/profile	http://localhost:3000
20250415	07:26:07	42882a69-d5d5-488d-a487-6e333bd6a2f4	GET	/users/profile	http://localhost:3000
20250415	07:26:28	19bc2e65-5c44-429b-a920-0d43e2d843ae	OPTIONS	/order	http://localhost:3000
20250415	07:26:28	71d21b7a-4ec5-4d14-b9a1-4a0bdc320f1f	POST	/order	http://localhost:3000
20250415	07:30:03	83653e83-b2f0-4e0c-b4c8-fc7812e95501	OPTIONS	/users/profile	http://localhost:3000
20250415	07:30:04	5102b58f-9dd0-476a-8356-9858e82545b6	OPTIONS	/users/profile	http://localhost:3000
20250415	07:30:04	175c391c-7f5d-4316-8789-d946d1907b76	GET	/users/profile	http://localhost:3000
20250415	07:30:04	097220bc-2a9a-4939-b225-a675de6be990	GET	/users/profile	http://localhost:3000
20250415	07:33:22	9e209887-25ec-41bb-ab5f-6ea63eafeabf	OPTIONS	/users/profile	http://localhost:3000
20250415	07:33:22	ce239e0c-5ada-418d-97d4-04a785272cb5	GET	/users/profile	http://localhost:3000
20250415	07:35:11	9fd668e5-647e-4189-a80d-787673774bf5	OPTIONS	/users/profile	http://localhost:3000
20250415	07:35:11	b017418a-2fba-4f2e-8a0f-932bff257cef	OPTIONS	/users/profile	http://localhost:3000
20250415	07:35:12	dd59277f-896b-440a-bcae-7fd42a75a7f1	GET	/users/profile	http://localhost:3000
20250415	07:35:12	640de872-0522-480c-8ce3-587fdea3106c	GET	/users/profile	http://localhost:3000
20250415	10:06:06	16bb154b-a971-472f-936a-67a38a4932b8	OPTIONS	/users/profile	http://localhost:3000
20250415	10:06:06	7875308c-ce60-447a-a9e9-591b27c1f3db	GET	/users/profile	http://localhost:3000
20250415	10:07:07	c7a4d796-7b52-4b2f-815a-2c975e2816cd	OPTIONS	/users/profile	http://localhost:3000
20250415	10:07:07	0ce584ed-b0f3-4f0a-b491-4f93b50bf38d	GET	/users/profile	http://localhost:3000
20250415	10:21:13	34f9c334-0828-4059-9171-d12f9a5e3736	OPTIONS	/users/profile	http://localhost:3000
20250415	10:21:13	337be7c4-8e88-4b90-933c-57b381d01572	GET	/users/profile	http://localhost:3000
20250415	10:21:31	b04c1a04-8eb8-419e-ab8d-67bbe10bb5fb	OPTIONS	/auth/login	http://localhost:3000
20250415	10:21:31	6d3d858a-2b02-463d-b64b-0e6fa980fadc	POST	/auth/login	http://localhost:3000
20250415	10:22:36	50bc8eba-2aa0-41a1-a4d2-141a138d6043	OPTIONS	/users/profile	http://localhost:3000
20250415	10:22:36	b6fdd10a-f049-466d-902a-5a5c976f60c0	GET	/users/profile	http://localhost:3000
20250415	10:22:39	ff3a910a-3881-4943-8d65-0dc180ab49b2	GET	/users/profile	http://localhost:3000
20250415	10:22:39	5a1b3e7d-071c-4951-b513-f26b858902ea	GET	/users/profile	http://localhost:3000
20250415	10:22:55	bdc715c9-5f59-4cf1-96af-f8c0560e01d8	OPTIONS	/order	http://localhost:3000
20250415	10:22:55	2bf176e9-c030-46b0-ab5b-7084e9b4ac04	POST	/order	http://localhost:3000
20250415	10:28:48	a0829a81-0f05-41d0-99d4-3f30c75bb21c	OPTIONS	/users/profile	http://localhost:3000
20250415	10:28:48	a40ccb4a-f345-49fa-9ea4-9ff48d52e4ff	GET	/users/profile	http://localhost:3000
20250415	10:35:44	db7a64a3-15fe-4bc9-8dcb-98c97fe41356	OPTIONS	/users/profile	http://localhost:3000
20250415	10:35:44	78159dbd-c7e1-4668-81c3-ca577bc19403	GET	/users/profile	http://localhost:3000
20250415	10:44:54	334dfd34-e171-4591-ac8a-b438c2d97d02	OPTIONS	/users/profile	http://localhost:3000
20250415	10:44:54	c934f5e8-3ae8-4111-8e42-fe35a4386848	GET	/users/profile	http://localhost:3000
20250415	10:45:05	50476889-bdd7-4165-b4fb-a2a42450e5a4	OPTIONS	/auth/login	http://localhost:3000
20250415	10:45:05	97d68012-d7f7-41f9-b2c0-371b0ba55d9e	POST	/auth/login	http://localhost:3000
20250415	10:45:20	2cf33e9a-d4e1-4fea-81f6-ec8497f9d69f	OPTIONS	/users/profile	http://localhost:3000
20250415	10:45:21	dff3b6c8-2a2e-4eb0-b76a-7468e7987154	GET	/users/profile	http://localhost:3000
20250415	10:45:56	ad7a378d-a987-4556-8f30-01606e04decd	OPTIONS	/order	http://localhost:3000
20250415	10:45:56	ccf7f2f6-1399-4350-b688-d5424f54847c	POST	/order	http://localhost:3000
20250415	11:50:01	8ed1c7f3-3ae6-4e84-b49c-3b4c853ada28	POST	/auth/login	http://localhost:3000
20250415	11:50:01	f3228fd8-1a02-48ac-bd76-e9b13e6d03af	OPTIONS	/auth/login	http://localhost:3000
20250415	12:00:23	e45aa15f-d45d-4483-8d6a-a700417028f9	OPTIONS	/users/profile	http://localhost:3000
20250415	12:00:24	97b2847e-abed-4647-85d3-489878e9aa73	GET	/users/profile	http://localhost:3000
20250415	12:00:24	61fca76b-d5da-435c-bdea-7cb660341890	OPTIONS	/users/profile	http://localhost:3000
20250415	12:00:24	73981d9f-46a9-4c33-9f3a-2d9bfde3e7d1	GET	/users/profile	http://localhost:3000
20250415	12:00:24	61e08234-f7c6-44c3-9128-b930a37b0ada	OPTIONS	/order/my	http://localhost:3000
20250415	12:00:24	394f17b0-f7eb-4af4-a487-df28e9a776b4	GET	/order/my	http://localhost:3000
20250415	12:00:37	95ebe16f-6617-469a-b14f-54d54eebdb79	GET	/order/my	http://localhost:3000
20250415	12:06:50	0fbe64a1-50f9-430f-b20e-17d28ab499b0	OPTIONS	/users/profile	http://localhost:3000
20250415	12:06:50	fb47043c-b791-445f-aef0-25e3270c9e94	OPTIONS	/users/profile	http://localhost:3000
20250415	12:06:51	d4bd95fd-b65c-42d2-a332-2578e061f5e4	GET	/users/profile	http://localhost:3000
20250415	12:06:51	ac5d70ae-fd5e-4bf7-80c2-460ac0701a94	GET	/users/profile	http://localhost:3000
20250415	12:07:18	60e0d8df-44d5-498c-8ee7-876db6d857b9	OPTIONS	/auth/login	http://localhost:3000
20250415	12:07:18	5f4b4cf7-ad50-4c3a-901b-6d62b8cab8bb	POST	/auth/login	http://localhost:3000
20250415	12:07:41	38f24662-5c35-4f6b-8561-ff3cc4c4c454	OPTIONS	/users/profile	http://localhost:3000
20250415	12:07:41	770f10bc-15e4-4bba-a9f3-9a0a44487feb	GET	/users/profile	http://localhost:3000
20250415	12:07:41	4d5a323a-f723-41f2-89f3-2f594199899c	GET	/users/profile	http://localhost:3000
20250415	12:07:41	a6b3a3a5-4b5f-42c6-bbd8-24b605b915db	OPTIONS	/order/my	http://localhost:3000
20250415	12:07:41	45bbba35-68b6-4025-8697-3c86608095f0	GET	/order/my	http://localhost:3000
20250415	12:07:41	0046f87e-da0e-402d-9925-12ff0e25fc1b	GET	/order/my	http://localhost:3000
20250415	12:30:53	4cce5154-bce7-4fa4-b1d0-a6096e6c2c82	GET	/order	undefined
20250415	12:31:03	2246f723-ac9a-4626-a438-cd613963ade9	POST	/users/login	undefined
20250415	12:31:16	f58a2acb-3e33-44c9-a0ba-8c9a65ceebd4	POST	/auth/login	undefined
20250415	12:31:35	9690c1a3-9b59-49f1-823c-02d75e9db26c	GET	/order	undefined
20250415	12:32:49	04ff3dd8-edad-488e-806e-9c0e4b1dc8ec	OPTIONS	/users/profile	http://localhost:3000
20250415	12:32:49	cfb06d42-3b3c-4acb-8c94-65d8eee65e2f	GET	/users/profile	http://localhost:3000
20250415	12:32:49	1aa418da-c862-4d66-acfb-bcefc44c2b79	GET	/users/profile	http://localhost:3000
20250415	12:33:08	b5905fb5-12e6-4bf8-8a1a-ccb3b5e5eca5	OPTIONS	/auth/login	http://localhost:3000
20250415	12:33:08	d96c618c-b290-47ac-8637-2b82d21b4e42	POST	/auth/login	http://localhost:3000
20250415	12:42:58	c916d3ed-7d59-4787-aecd-c8521bc0d329	OPTIONS	/users/profile	http://localhost:3000
20250415	12:42:58	71065022-80bf-4e11-8a8d-b4c777cafaf0	GET	/users/profile	http://localhost:3000
20250415	12:42:59	9435d4b3-4ab2-4d7b-bf1a-b30c520eb633	OPTIONS	/users/profile	http://localhost:3000
20250415	12:42:59	8d135523-736e-4582-a5e0-4edf754c3e17	GET	/users/profile	http://localhost:3000
20250415	12:43:11	b42422f7-93a5-459f-b515-7e8356ee3af8	OPTIONS	/users/profile	http://localhost:3000
20250415	12:43:12	7f4b29d4-1418-440d-9b89-a85df2bb7bf4	GET	/users/profile	http://localhost:3000
20250415	12:43:14	862979c0-df0f-4c03-90b7-76a3df394243	OPTIONS	/users/profile	http://localhost:3000
20250415	12:43:14	3eedadbd-6527-4106-acd2-201209db6fbf	GET	/users/profile	http://localhost:3000
20250415	12:53:09	ffd95df1-5e86-428c-8d77-0e9a0d274fa8	OPTIONS	/users/profile	http://localhost:3000
20250415	12:53:09	bd15cccf-8ce6-471c-aee3-41d129c7fc6d	GET	/users/profile	http://localhost:3000
20250415	12:53:09	edfdbb1a-b9c1-43fc-8ddf-b68e774901f6	GET	/users/profile	http://localhost:3000
20250415	12:53:24	81028a56-279a-4cdd-894e-61ad5a15ac67	OPTIONS	/users/profile	http://localhost:3000
20250415	12:53:24	8fd32df0-77f0-4818-ae90-212db34d2b9b	GET	/users/profile	http://localhost:3000
20250415	12:53:35	55b2c3ee-39de-4d62-b73f-ac0d8fe83352	OPTIONS	/users/profile	http://localhost:3000
20250415	12:53:35	5d187fc4-a5a0-439e-8508-b9ffa80ea73d	GET	/users/profile	http://localhost:3000
20250415	12:53:36	cabeb479-8c24-4b52-9aa7-b609d8143881	GET	/users/profile	http://localhost:3000
20250415	12:57:38	75b1fd6e-fb0e-48f3-8b26-91a13dbda29a	OPTIONS	/users/profile	http://localhost:3000
20250415	12:57:38	f595ca74-b81a-4e26-84ba-56d43f907ec0	GET	/users/profile	http://localhost:3000
20250415	12:58:47	794695b7-d1fa-4434-badb-0ca069c5e92e	OPTIONS	/users/profile	http://localhost:3000
20250415	12:58:47	3c6c522d-b623-42ed-af2f-de99b96ad1cb	GET	/users/profile	http://localhost:3000
20250415	12:58:59	369b71ee-cebf-43ae-aec3-2bb59ded524a	OPTIONS	/users/profile	http://localhost:3000
20250415	12:58:59	290de253-8320-4123-8238-4da9d2aa496f	GET	/users/profile	http://localhost:3000
20250415	13:00:33	728ad6be-348b-4ee4-9813-71dd3e350827	OPTIONS	/auth/social	http://localhost:3000
20250415	13:00:33	9b423d6f-d4a7-4b83-b5f8-2d2f2ec726dc	POST	/auth/social	http://localhost:3000
20250415	13:01:34	21f79543-0a20-49b1-8867-2f404b6c4ff3	OPTIONS	/users/profile	http://localhost:3000
20250415	13:01:34	860c94ef-a606-400f-b559-1267ecf356d7	GET	/users/profile	http://localhost:3000
20250415	13:01:36	85ed7c52-125b-441c-b899-865bd9f23770	GET	/users/profile	http://localhost:3000
20250415	13:04:07	d2a83f67-3e1b-4391-b753-d6d404f6edae	OPTIONS	/users/profile	http://localhost:3000
20250415	13:04:08	b8a37cde-0349-4fa1-9b29-6316354e4a29	GET	/users/profile	http://localhost:3000
20250415	13:04:15	30ad0d28-4412-450d-a1ba-7f355d32b7a3	OPTIONS	/users/profile	http://localhost:3000
20250415	13:04:15	8944faa1-ad83-4b8a-9d45-519851300306	GET	/users/profile	http://localhost:3000
20250415	13:04:51	88f3cba8-b60b-418c-b6d3-a4f03c71e14b	OPTIONS	/users/profile	http://localhost:3000
20250415	13:04:51	a4b3be6d-8ee4-46a6-8325-3f845b407660	GET	/users/profile	http://localhost:3000
20250415	13:04:51	3c7b6626-2300-4c46-b242-36a4e0e3c247	OPTIONS	/users/profile	http://localhost:3000
20250415	13:04:51	083915e4-e693-4611-ae24-dec78ff1f903	GET	/users/profile	http://localhost:3000
20250415	13:06:08	22c90712-9838-42fd-b26d-9491581607f9	OPTIONS	/users/profile	http://localhost:3000
20250415	13:06:08	e5e87e5d-bc0c-4992-8e6a-95b162387982	GET	/users/profile	http://localhost:3000
20250415	13:06:08	c745706c-fe81-4568-9918-39baa3f8cfbe	OPTIONS	/users/profile	http://localhost:3000
20250415	13:06:08	6a6f196d-e156-4c7a-9bb7-b293254bbdb5	GET	/users/profile	http://localhost:3000
20250415	13:07:55	2e114e26-b7a3-4932-a52d-1af7855a49d9	OPTIONS	/users/profile	http://localhost:3000
20250415	13:07:55	69ef56a4-4a28-49cf-a2ff-c46db5357035	GET	/users/profile	http://localhost:3000
20250415	13:10:55	242a43b7-adb2-4a54-8980-bf18016263ee	OPTIONS	/users/profile	http://localhost:3000
20250415	13:10:55	09126d64-bf98-4e5e-82e7-2e970a66fbe3	GET	/users/profile	http://localhost:3000
20250415	13:10:56	a5ae02f5-e8ce-4244-88ff-ec96536578a4	GET	/users/profile	http://localhost:3000
20250415	13:11:34	d902314b-629d-41ca-90c7-8303a62e2a96	OPTIONS	/order	http://localhost:3000
20250415	13:11:34	2be1291c-5483-4e9e-964f-e15ce5de6734	OPTIONS	/order	http://localhost:3000
20250415	13:11:34	2b145fc1-b03c-424c-81d3-5e1fc0bb41a8	GET	/order	http://localhost:3000
20250415	13:11:35	20586136-cf3d-4a75-8af6-63b937e63ba2	GET	/order	http://localhost:3000
20250415	13:14:16	77de74b6-bb33-4aa3-950b-b71122b25e08	OPTIONS	/users/profile	http://localhost:3000
20250415	13:14:17	d0d78ad5-0f03-4c66-b782-7d138dda8114	OPTIONS	/order	http://localhost:3000
20250415	13:14:17	126fb36e-a257-4477-ade7-660c278fd8b2	OPTIONS	/users/profile	http://localhost:3000
20250415	13:14:17	36bf1311-8d67-4491-b84b-364f72c90eaf	OPTIONS	/order	http://localhost:3000
20250415	13:14:17	2d45a893-55bb-4108-a83f-11e3482861ca	GET	/users/profile	http://localhost:3000
20250415	13:14:17	f323b6d1-58d8-41c0-98a6-cb7fcda45918	GET	/order	http://localhost:3000
20250415	13:14:18	feba0caf-505e-43b2-9958-b6d8d1745af9	GET	/users/profile	http://localhost:3000
20250415	13:14:18	ae8e1b91-0e82-49e2-a9e7-2fd1ce93b884	GET	/order	http://localhost:3000
20250415	13:15:51	1629504a-79b7-44ba-b68e-99a2e97c7dc7	OPTIONS	/users/profile	http://localhost:3000
20250415	13:15:51	02da4af3-731e-4e15-a74c-55cf9cf421c7	GET	/users/profile	http://localhost:3000
20250415	13:15:51	86f62dbd-3d6f-4ab1-9c0e-3d339a9d3f06	OPTIONS	/order	http://localhost:3000
20250415	13:15:51	6bb886a1-ad2d-4f7d-adea-664370597eb5	GET	/order	http://localhost:3000
20250415	13:15:53	8d3e50fe-1b7a-4c65-81d9-87198bf42641	GET	/users/profile	http://localhost:3000
20250415	13:15:53	37b084d3-e512-4660-bf45-47300e7db6c5	GET	/order	http://localhost:3000
20250415	13:16:24	9b95f386-ed85-4eb0-838b-7b1683c7339f	OPTIONS	/order	http://localhost:3000
20250415	13:16:24	8e231323-0ca3-4745-9276-52bb02245b53	OPTIONS	/users/profile	http://localhost:3000
20250415	13:16:24	7413b878-3350-44ac-b094-a22ef5bdc4bd	GET	/order	http://localhost:3000
20250415	13:16:24	af077e34-1388-479a-b48c-6d76043ddd28	GET	/users/profile	http://localhost:3000
20250415	13:16:24	70727449-6490-41c9-ac31-49bc18870169	GET	/order	http://localhost:3000
20250415	13:16:24	41a469fc-de50-4e88-bc05-eb6225392122	GET	/users/profile	http://localhost:3000
20250415	13:16:54	0d79d404-4090-4e40-a825-8f686499c040	OPTIONS	/users/profile	http://localhost:3000
20250415	13:16:54	89b19ebd-efe4-43e4-9aaf-03fbeda5d40d	GET	/users/profile	http://localhost:3000
20250415	13:16:54	e47343f2-3c07-40aa-a905-8d5a60c3987f	GET	/users/profile	http://localhost:3000
20250415	13:17:44	7bdf49e4-7611-4040-a876-899fcf4527f7	OPTIONS	/auth/login	http://localhost:3000
20250415	13:17:45	a11e620f-157b-463c-bd1e-539fc628edf7	POST	/auth/login	http://localhost:3000
20250415	13:20:45	4fad4351-960e-401a-9032-c501c1c3bbd1	OPTIONS	/users/profile	http://localhost:3000
20250415	13:20:46	09af86ac-cb1e-496a-935f-c66762f476df	OPTIONS	/users/profile	http://localhost:3000
20250415	13:20:46	23e3df12-ffc0-4352-b65c-c1df93b0b4bd	GET	/users/profile	http://localhost:3000
20250415	13:20:46	ae840dbe-f769-4eb8-af2f-2edfc68e583c	GET	/users/profile	http://localhost:3000
20250415	13:21:03	54217d74-bae0-494c-bf62-a2df69fc5650	OPTIONS	/order	http://localhost:3000
20250415	13:21:03	9401d8b1-4a97-4715-9a7b-2ea8e0a2b718	GET	/order	http://localhost:3000
20250415	13:21:04	36aa6761-fa79-43c0-ae23-c0bd0e307e47	GET	/order	http://localhost:3000
20250415	13:30:39	2fa663ac-169c-4b9b-8fb6-fba3b5af150f	OPTIONS	/users/profile	http://localhost:3000
20250415	13:30:39	24cc9ddf-492b-4f71-a3ba-2343c5254105	GET	/users/profile	http://localhost:3000
20250415	13:30:41	7225730b-9eaf-4d7e-a0fd-aa1282a50c4e	OPTIONS	/users/profile	http://localhost:3000
20250415	13:30:41	fa2ae008-72ef-455e-be6c-846c265aa382	GET	/users/profile	http://localhost:3000
20250415	13:32:29	d1345064-7830-4898-b49d-308b87b20192	OPTIONS	/users/profile	http://localhost:3000
20250415	13:32:29	0beeaebd-87f8-4db9-a6d8-e7217f7b8815	GET	/users/profile	http://localhost:3000
20250415	13:32:35	20482aab-87b8-4a9d-b88a-48d850e94ed3	OPTIONS	/users/profile	http://localhost:3000
20250415	13:32:36	6eac461c-2639-42a2-bb0a-aa3569adb21a	GET	/users/profile	http://localhost:3000
20250415	13:33:32	181dfe1c-c540-438e-ba4a-9a1eb4ded8aa	OPTIONS	/users/profile	http://localhost:3000
20250415	13:33:32	5e038e0c-d4db-4e55-af4e-afa2e626a9ca	GET	/users/profile	http://localhost:3000
20250415	13:33:36	1606afb8-39fa-4a6b-8cbe-6ad9c267ca4e	OPTIONS	/users/profile	http://localhost:3000
20250415	13:33:36	806d6bb3-9c4a-4c41-a9af-5d9a717da21f	GET	/users/profile	http://localhost:3000
20250415	13:33:51	dde46244-d151-4b77-a355-1cbe931a49e6	OPTIONS	/users/profile	http://localhost:3000
20250415	13:33:51	48836e03-170d-4e8e-8097-2bf06d865f6b	GET	/users/profile	http://localhost:3000
20250415	13:33:51	71284dcb-4835-4c54-86f5-660f31dd2365	OPTIONS	/users/profile	http://localhost:3000
20250415	13:33:51	2a8cc3e2-caa3-4fc4-aae8-716d747db58e	GET	/users/profile	http://localhost:3000
20250416	03:33:28	cec46336-a3f3-49d3-93c6-6b91372c5fb9	OPTIONS	/users/profile	http://localhost:3000
20250416	03:33:28	542e1188-cb05-4704-a582-e2141705cfc5	GET	/users/profile	http://localhost:3000
20250416	03:52:36	f9b87157-0b7f-4ccf-853c-e7fbfbef1578	OPTIONS	/users/profile	http://localhost:3000
20250416	03:52:36	05e8c3e0-5561-43f9-bbfa-fd356d774a63	GET	/users/profile	http://localhost:3000
20250416	03:52:43	50e88966-d8b7-4ab7-a3f6-877cacc86892	OPTIONS	/users/profile	http://localhost:3000
20250416	03:52:43	1aedb41d-1681-4e9b-aa99-8cac6de09eba	GET	/users/profile	http://localhost:3000
20250416	03:52:44	60dbe891-4f70-4ccd-b78b-c210fe14c962	GET	/users/profile	http://localhost:3000
20250416	03:53:04	8c7dd556-d1cf-44e3-9f4a-0fd9fddb0879	OPTIONS	/auth/login	http://localhost:3000
20250416	03:53:04	d5e1ef96-4680-4771-8bfd-71a807869f48	POST	/auth/login	http://localhost:3000
20250416	03:54:47	5b835a66-dc9f-44ad-83b6-ae4a5cfc4499	OPTIONS	/users/profile	http://localhost:3000
20250416	03:54:47	775b112c-7edc-4277-bbc5-b0d2b5275c5c	GET	/users/profile	http://localhost:3000
20250416	03:55:12	9bf3dda1-0fab-4e2c-80c4-9d82a010c76e	OPTIONS	/users/profile	http://localhost:3000
20250416	03:55:12	9466743d-3ca6-4ef7-bc94-2a1d40577a75	OPTIONS	/users/profile	http://localhost:3000
20250416	03:55:12	3f47ee9a-b449-4669-944e-0898da44b0c5	GET	/users/profile	http://localhost:3000
20250416	03:55:13	3efbd863-e921-4e7f-bf1f-5a157f8b249b	GET	/users/profile	http://localhost:3000
20250416	03:55:13	3c9488a8-93e6-4f9f-b2cd-950a5464ce6e	GET	/users/profile	http://localhost:3000
20250416	03:55:13	c5d72dbc-0ee7-4882-bc2f-b66d08d68e20	OPTIONS	/order/my	http://localhost:3000
20250416	03:55:13	66308288-6b5a-4b71-abd7-969f670a08c5	GET	/users/profile	http://localhost:3000
20250416	03:55:13	9e1a501b-6bd0-4d2d-90ac-7794a219b035	GET	/order/my	http://localhost:3000
20250416	03:55:14	8582a43c-b026-428d-9608-ed8e0df3653b	GET	/order/my	http://localhost:3000
20250416	03:58:59	404d4481-43d1-4053-8e0c-0933599ccbc1	OPTIONS	/users/profile	http://localhost:3000
20250416	03:58:59	b53262ec-a8dd-47a0-b916-067f81ec88d4	GET	/users/profile	http://localhost:3000
20250416	03:58:59	fcb6e6ac-2cf0-46a2-8a99-3975f1558e6f	OPTIONS	/users/profile	http://localhost:3000
20250416	03:58:59	e8b70f30-05ee-48d9-b5e8-6024624e97ae	GET	/users/profile	http://localhost:3000
20250416	03:59:46	0abdb663-b095-4b6f-9c40-03caad514e41	OPTIONS	/users/profile	http://localhost:3000
20250416	03:59:46	cb939cfe-6825-458a-83e1-0ad06ebc4dbb	GET	/users/profile	http://localhost:3000
20250416	03:59:49	857f5158-ede2-4a34-a0d1-da0a933d102c	OPTIONS	/users/profile	http://localhost:3000
20250416	03:59:49	f028fbc0-2400-4aa8-b55e-7a28c9edd568	GET	/users/profile	http://localhost:3000
20250416	04:01:08	eb1747be-0bb4-441e-88c3-55546c6eb9a7	OPTIONS	/users/profile	http://localhost:3000
20250416	04:01:08	1f8587c5-cfdf-4197-8d40-c59b9ff0ba5e	GET	/users/profile	http://localhost:3000
20250416	04:01:10	e58f7904-627d-44c9-b5cb-29dccf1c8fec	OPTIONS	/users/profile	http://localhost:3000
20250416	04:01:10	58a7a785-0c4d-483c-8ce6-9de612732d48	GET	/users/profile	http://localhost:3000
20250416	04:02:50	2394f809-d370-41a2-b2d7-f0bd5770bee6	OPTIONS	/users/profile	http://localhost:3000
20250416	04:02:50	43da29ea-f841-4e3b-9f16-48c13a325c43	GET	/users/profile	http://localhost:3000
20250416	04:02:53	78bc6bc1-3a88-407b-92a6-ffd86b8cf00d	OPTIONS	/users/profile	http://localhost:3000
20250416	04:02:53	4b657ea4-0888-4fcc-9d3a-476aaa62638d	GET	/users/profile	http://localhost:3000
20250416	04:04:01	f65b3c3b-e835-4cb2-94ed-27d8d88df6fd	OPTIONS	/users/profile	http://localhost:3000
20250416	04:04:01	4b358981-f668-4912-9037-4c4b0ee400c7	GET	/users/profile	http://localhost:3000
20250416	04:04:02	608993e3-28ad-42f7-b6a6-a084302ffbac	OPTIONS	/users/profile	http://localhost:3000
20250416	04:04:02	25d3b0d2-629f-4cdb-8e26-52ac079e15c2	GET	/users/profile	http://localhost:3000
20250416	04:05:39	ce6416f5-2c07-4fc9-974a-d8640dbcaf2f	OPTIONS	/users/profile	http://localhost:3000
20250416	04:05:39	f77b787e-9cb6-4518-be2e-a1b595e23b11	GET	/users/profile	http://localhost:3000
20250416	04:05:42	5a04a055-3592-4401-bf93-49257166f0d5	OPTIONS	/users/profile	http://localhost:3000
20250416	04:05:42	569e06ef-bd2c-433d-845e-a944fb7050ce	GET	/users/profile	http://localhost:3000
20250416	04:07:44	74e7c246-7c00-409a-9f2b-2819a38e35df	OPTIONS	/users/profile	http://localhost:3000
20250416	04:07:44	c657bfd4-8da6-4b6e-a716-4dba05baf85b	GET	/users/profile	http://localhost:3000
20250416	04:07:50	45a13afa-93b4-4fa1-8269-3e82f0dbaf37	OPTIONS	/users/profile	http://localhost:3000
20250416	04:07:50	525c15db-69ef-464e-82bb-65642502af40	GET	/users/profile	http://localhost:3000
20250416	04:08:00	333d3f7f-4eb6-4f54-ad68-748b3f92fc40	OPTIONS	/users/profile	http://localhost:3000
20250416	04:08:00	217f5f9d-2861-451c-9f0a-57f90f4ea97e	GET	/users/profile	http://localhost:3000
20250416	04:08:00	b5586603-47fd-447c-9efd-1319b90d42a0	OPTIONS	/users/profile	http://localhost:3000
20250416	04:08:00	9eef2d76-4256-47c7-9700-17cb9fd95592	GET	/users/profile	http://localhost:3000
20250416	04:08:27	0793ac78-bb20-4e1b-89da-68740ed4b9be	OPTIONS	/users/profile	http://localhost:3000
20250416	04:08:27	3b01554d-e60b-4db6-8d19-e056f8525250	GET	/users/profile	http://localhost:3000
20250416	04:08:28	ef0e0e6e-0bc6-4c0b-8173-7d7a440017ec	OPTIONS	/users/profile	http://localhost:3000
20250416	04:08:28	adf7c8a8-0fd6-40e8-8135-c8b8a19f5f95	GET	/users/profile	http://localhost:3000
20250416	04:08:56	17d625ce-b739-4007-869e-cefe12a7b0f1	OPTIONS	/users/profile	http://localhost:3000
20250416	04:08:56	c5b7f596-64ff-424b-ae85-94c667886c15	OPTIONS	/users/profile	http://localhost:3000
20250416	04:08:56	d26b4720-76af-4270-a994-bfba21041f6d	GET	/users/profile	http://localhost:3000
20250416	04:08:56	4742f0a3-b92b-4b0f-a147-5b87014565e1	GET	/users/profile	http://localhost:3000
20250416	04:10:22	843eeb89-2e69-49bd-b421-9d439ac24635	OPTIONS	/users/profile	http://localhost:3000
20250416	04:10:22	15fcbe1a-5e03-40f3-89c6-608c5c5a1935	GET	/users/profile	http://localhost:3000
20250416	04:10:22	82a70069-7d37-4551-ab73-4c412076f2ef	OPTIONS	/users/profile	http://localhost:3000
20250416	04:10:22	85a96e84-3312-4d99-9c6f-f6b83fc9168a	GET	/users/profile	http://localhost:3000
20250416	04:10:53	b3ea03d8-61d1-4474-b54d-e2c3d55a7b41	OPTIONS	/users/profile	http://localhost:3000
20250416	04:10:53	8a4a3659-d08d-4ee1-b921-7fb8b1b5d2f7	GET	/users/profile	http://localhost:3000
20250416	04:10:56	cf8819cd-f0ad-444a-9701-123d4923cb47	OPTIONS	/users/profile	http://localhost:3000
20250416	04:10:57	99e59333-a0f4-4689-bada-f2465683091e	GET	/users/profile	http://localhost:3000
20250416	04:11:15	377e04ca-6537-433c-b429-3b0cc0793aba	OPTIONS	/users/profile	http://localhost:3000
20250416	04:11:15	684472da-e8ce-4e92-a643-260a09e624a3	GET	/users/profile	http://localhost:3000
20250416	04:11:15	c7dae40c-bbbe-4e9c-8b47-a454ea21a63d	OPTIONS	/users/profile	http://localhost:3000
20250416	04:11:15	b8f47f5c-210a-4088-8679-5b780f3d22d2	GET	/users/profile	http://localhost:3000
20250416	04:11:44	93f7ac5e-06ab-41cd-bf03-b74ed3dab118	OPTIONS	/users/profile	http://localhost:3000
20250416	04:11:44	764b8a42-3f6b-438a-95cf-367dff31a446	GET	/users/profile	http://localhost:3000
20250416	04:11:45	c37c3275-32f0-41b8-8fe1-1384078398d9	OPTIONS	/users/profile	http://localhost:3000
20250416	04:11:45	8ed09abf-8372-4345-a7fe-8ea26e521463	GET	/users/profile	http://localhost:3000
20250416	04:12:03	78a4d500-2a6a-4023-9274-bf8c49276f49	OPTIONS	/users/profile	http://localhost:3000
20250416	04:12:03	7911206b-984a-484c-b7b0-ed147ef98199	GET	/users/profile	http://localhost:3000
20250416	04:12:04	a90a77bf-df8b-4516-a029-14d51d391bc3	OPTIONS	/users/profile	http://localhost:3000
20250416	04:12:04	d5a0eacc-cde8-465d-99c3-e5f029141cbe	GET	/users/profile	http://localhost:3000
20250416	04:30:35	251d4bb4-2086-420d-8ec3-d5086d707484	OPTIONS	/users/profile	http://localhost:3000
20250416	04:30:35	582e6939-5254-46e4-ac7e-e10d8e78fffb	GET	/users/profile	http://localhost:3000
20250416	04:30:42	36a4eb64-d31a-43bd-a2ad-02cba547accd	OPTIONS	/users/profile	http://localhost:3000
20250416	04:30:42	542090cc-4932-4628-8de3-db8842eb5652	GET	/users/profile	http://localhost:3000
20250416	04:32:52	f8cbb9d1-8e9f-474c-9b53-a35380540feb	OPTIONS	/users/profile	http://localhost:3000
20250416	04:32:52	dea12dcc-db38-4bfc-b786-c0d2861e7baf	GET	/users/profile	http://localhost:3000
20250416	04:32:57	33e92873-d540-4e41-8e38-2684997528de	OPTIONS	/users/profile	http://localhost:3000
20250416	04:32:57	4709cfc6-2477-4b89-8300-13b06473bef9	GET	/users/profile	http://localhost:3000
20250416	04:35:29	9ffb9dee-e373-4396-b736-8ff75ed82cf7	OPTIONS	/review	http://localhost:3000
20250416	04:35:29	1c1ea619-dfbc-442a-b410-1f69430741bd	POST	/review	http://localhost:3000
20250416	04:36:45	13104583-17c4-42bb-8186-2c0c54c9d655	OPTIONS	/users/profile	http://localhost:3000
20250416	04:36:46	415022d7-3069-4c11-8426-1b5c91268910	GET	/users/profile	http://localhost:3000
20250416	04:39:18	e4a40f85-246b-412f-b018-3743ff9ee784	OPTIONS	/users/profile	http://localhost:3000
20250416	04:39:18	43a3ba40-8e1e-48c7-a089-dd402f1f576e	GET	/users/profile	http://localhost:3000
20250416	04:40:08	c59a064b-70a0-4057-b4da-807eed60546c	OPTIONS	/review	http://localhost:3000
20250416	04:40:08	c74346bf-9467-45e1-9cb6-8b67e7911eae	POST	/review	http://localhost:3000
20250416	04:41:48	1800d6cb-aefb-4a8b-81e5-65f974d95d55	OPTIONS	/users/profile	http://localhost:3000
20250416	04:41:48	287a45d5-9b5d-456c-8118-0d53f50e68e6	OPTIONS	/users/profile	http://localhost:3000
20250416	04:41:50	7624f4b7-da12-45a5-be03-46443e4c8050	GET	/users/profile	http://localhost:3000
20250416	04:41:50	d1cbfd18-895d-48aa-8566-b41648188ed7	GET	/users/profile	http://localhost:3000
20250416	04:42:47	2d657b5e-e086-4ad8-88ec-70f8c850f981	OPTIONS	/review	http://localhost:3000
20250416	04:42:47	52dc7615-25fd-4424-9938-27bc87cad51f	POST	/review	http://localhost:3000
20250416	04:47:10	bae14300-b141-4040-920e-836c11023bcd	OPTIONS	/users/profile	http://localhost:3000
20250416	04:47:10	80acb8a1-03b1-4c8d-b89a-9223c52fab3b	GET	/users/profile	http://localhost:3000
20250416	04:47:11	7a34b7f4-f8b9-436a-b9a6-865312362fd8	OPTIONS	/users/profile	http://localhost:3000
20250416	04:47:11	71cad8b1-efe8-4f08-99f5-799eda8ded9b	GET	/users/profile	http://localhost:3000
20250416	04:47:53	f6dc1697-1584-408a-8abc-354337ce2031	OPTIONS	/users/profile	http://localhost:3000
20250416	04:47:53	7900d92f-7b2a-474b-9595-8dd55b231a4e	GET	/users/profile	http://localhost:3000
20250416	04:47:53	5e53196c-cf31-488d-bebf-61523f87139f	GET	/users/profile	http://localhost:3000
20250416	04:49:02	c1555ac4-55dc-4929-b021-6ba557613b4f	OPTIONS	/review	http://localhost:3000
20250416	04:49:02	eeba4fae-0eb0-41cd-99d8-6e662ee3813c	POST	/review	http://localhost:3000
20250416	04:50:58	598593d6-9bf9-4387-a5c1-9ea217e2c789	OPTIONS	/users/profile	http://localhost:3000
20250416	04:50:58	78d671ec-8d2d-4fe9-b1d7-6598c12e7950	GET	/users/profile	http://localhost:3000
20250416	04:51:00	02a97307-6a63-4970-94c7-9525c705f111	OPTIONS	/users/profile	http://localhost:3000
20250416	04:51:00	0b15c838-07d1-4a22-b215-5266b0076947	GET	/users/profile	http://localhost:3000
20250416	04:53:41	d529c2c0-6cbf-4556-930d-0cd7a532419e	OPTIONS	/users/profile	http://localhost:3000
20250416	04:53:41	692d00cc-2661-4a79-a4cf-db0fec496dc5	GET	/users/profile	http://localhost:3000
20250416	04:53:44	836dcc41-d315-416c-b24d-36be71b7ca50	OPTIONS	/users/profile	http://localhost:3000
20250416	04:53:44	b2322692-64e0-4040-abaf-80e1b6819169	GET	/users/profile	http://localhost:3000
20250416	05:12:03	45bf83f7-c04f-4fe3-adfc-17af7298d47c	OPTIONS	/users/profile	http://localhost:3000
20250416	05:12:03	5c0b55f1-5c36-4445-bb78-1dc7e376bc24	OPTIONS	/users/profile	http://localhost:3000
20250416	05:12:03	fdf07ff7-b579-4bc4-871e-1bb0aad6147d	GET	/users/profile	http://localhost:3000
20250416	05:12:03	f4f15729-3e53-4bb8-b66a-f746b07cddcb	GET	/users/profile	http://localhost:3000
20250416	05:14:49	5e44ad0c-fc09-4bfb-9fac-9a1dd0b9e943	OPTIONS	/users/profile	http://localhost:3000
20250416	05:14:49	afdaad74-d54b-40d5-88b0-680d27aeca40	GET	/users/profile	http://localhost:3000
20250416	05:14:49	481836af-dbfa-4487-a9c0-44b65e43134f	OPTIONS	/users/profile	http://localhost:3000
20250416	05:14:49	e1b8396e-3097-46b8-bc6f-ec39274a7c5c	GET	/users/profile	http://localhost:3000
20250416	05:15:11	fca9e88d-b7b7-4151-8f3c-4b52e4eed4d9	OPTIONS	/users/profile	http://localhost:3000
20250416	05:15:11	64239d3e-851d-462d-9855-767627319b7a	GET	/users/profile	http://localhost:3000
20250416	05:15:11	bfe2c3c1-1940-4944-826d-98bbe147c696	OPTIONS	/users/profile	http://localhost:3000
20250416	05:15:11	3a6dc4d5-9feb-43a5-a465-5dce78ac44fb	GET	/users/profile	http://localhost:3000
20250416	05:15:43	53bcea29-babe-47f9-a040-081ab66cb95d	OPTIONS	/users/profile	http://localhost:3000
20250416	05:15:43	010051c1-991f-4a08-ae33-01ad04e189db	OPTIONS	/review	http://localhost:3000
20250416	05:15:43	c0802594-8d54-443e-9aad-81585d031d33	OPTIONS	/users/profile	http://localhost:3000
20250416	05:15:44	fb34b2d0-8c07-4363-a2ae-c3c49783c4ee	OPTIONS	/review	http://localhost:3000
20250416	05:15:44	8bc11434-636d-4caa-a5d8-48cb644e5d7c	GET	/review	http://localhost:3000
20250416	05:15:44	943deb12-b7e5-4a7a-a3a1-9590449a5f9c	GET	/users/profile	http://localhost:3000
20250416	05:15:45	59a79754-7169-4080-b63e-7ce2f15e9540	GET	/users/profile	http://localhost:3000
20250416	05:15:45	ca488254-031d-4a23-a9e5-3d91b7e36111	GET	/review	http://localhost:3000
20250416	05:17:13	9b830382-b93b-4767-be0e-f9d68c0f0eee	OPTIONS	/users/profile	http://localhost:3000
20250416	05:17:13	49003fa9-bf3f-49b1-9be2-a5fde652c62a	OPTIONS	/review	http://localhost:3000
20250416	05:17:13	f73d48ca-92bf-434c-b5ca-ca4f3819b3b0	OPTIONS	/users/profile	http://localhost:3000
20250416	05:17:13	a875eda8-92e7-4363-be4a-e1a7748fbcb3	OPTIONS	/review	http://localhost:3000
20250416	05:17:14	e221048b-6a71-458d-8450-ca275d377567	GET	/review	http://localhost:3000
20250416	05:17:14	48dfc1e1-9f39-4f7a-83ab-5562c129b753	GET	/users/profile	http://localhost:3000
20250416	05:17:14	2381f87c-1ccc-461e-b27d-c19e6b4be78d	GET	/users/profile	http://localhost:3000
20250416	05:17:14	e0ad1559-eae5-4c9a-8523-cf5770f0a059	GET	/review	http://localhost:3000
20250416	05:18:52	9529c498-c115-4b32-8214-95151b51932c	OPTIONS	/users/profile	http://localhost:3000
20250416	05:18:52	973db3fd-3194-4796-a61f-8300c9ec869a	OPTIONS	/review	http://localhost:3000
20250416	05:18:52	a05b87c2-b36d-4e49-89a8-f8a7f020414f	GET	/review	http://localhost:3000
20250416	05:18:52	8a1d295f-4686-4f80-b5e4-ca29202ee098	GET	/users/profile	http://localhost:3000
20250416	05:18:52	96dabecb-9e5c-4941-814f-00d7b08a6039	GET	/review	http://localhost:3000
20250416	05:18:53	3a3082a0-86bf-45cb-8ea6-7023a7190008	GET	/users/profile	http://localhost:3000
20250416	05:23:18	362c128e-b10c-46d6-a97a-6feb49129c42	OPTIONS	/users/profile	http://localhost:3000
20250416	05:23:18	1690a539-520b-4b6e-8315-4a4bbd5a74ac	GET	/users/profile	http://localhost:3000
20250416	05:23:18	4fc7363b-0dd3-42d1-a7b7-b8b75f2841cf	OPTIONS	/users/profile	http://localhost:3000
20250416	05:23:18	a3d2b11d-3693-4711-b411-08cf1e117a60	GET	/users/profile	http://localhost:3000
20250416	05:24:01	51a03a83-1085-4990-a950-93883710cde1	OPTIONS	/users/profile	http://localhost:3000
20250416	05:24:01	607ed642-006b-4014-887c-4e08f07b6055	OPTIONS	/users/profile	http://localhost:3000
20250416	05:24:01	b1efd0b1-0564-4f19-83ba-c0f51b9344fb	GET	/users/profile	http://localhost:3000
20250416	05:24:01	4e5281a5-44de-4c8b-b1d5-0154802b3e51	GET	/users/profile	http://localhost:3000
20250416	05:24:56	4a0f655a-e5cb-48dd-ba65-2c38a5ac551e	OPTIONS	/users/profile	http://localhost:3000
20250416	05:24:56	d4879073-36b4-4d56-9ddd-64c766ba3751	GET	/users/profile	http://localhost:3000
20250416	05:24:57	a6785aec-0007-4f0a-889f-6436a7ca83cf	OPTIONS	/users/profile	http://localhost:3000
20250416	05:24:57	5db1f786-a4ac-46bb-99d7-bab2f273fb4d	GET	/users/profile	http://localhost:3000
